<?xml version="1.0" encoding="UTF-8"?>
<!-- Generated by org.testng.reporters.JUnitReportReporter -->
<testsuite hostname="Madhurs-MacBook-Air.local" failures="0" tests="1" name="Basics.TC03_Auth_Request" time="2.143" errors="0" timestamp="11 Jul 2019 13:49:58 GMT" skipped="0">
  <testcase classname="Basics.TC03_Auth_Request" name="authTest" time="2.143"/>
</testsuite> <!-- Basics.TC03_Auth_Request -->
