<?xml version="1.0" encoding="UTF-8"?>
<!-- Generated by org.testng.reporters.JUnitReportReporter -->
<testsuite hostname="Madhurs-MacBook-Air.local" failures="0" tests="1" name="Basics.TC02_POST_Request" time="2.636" errors="0" timestamp="18 Aug 2019 17:15:33 GMT" skipped="0">
  <testcase classname="Basics.TC02_POST_Request" name="registrationApiTest" time="2.636"/>
</testsuite> <!-- Basics.TC02_POST_Request -->
