<?xml version="1.0" encoding="UTF-8"?>
<!-- Generated by org.testng.reporters.JUnitReportReporter -->
<testsuite hostname="Madhurs-MacBook-Air.local" failures="0" tests="1" name="OAuth.OAuth2GenerateAccessToken" time="2.844" errors="0" timestamp="02 Oct 2019 14:50:19 GMT" skipped="0">
  <testcase classname="OAuth.OAuth2GenerateAccessToken" name="getAcessToken" time="2.844"/>
</testsuite> <!-- OAuth.OAuth2GenerateAccessToken -->
