<?xml version="1.0" encoding="UTF-8"?>
<!-- Generated by org.testng.reporters.JUnitReportReporter -->
<testsuite hostname="Madhurs-MacBook-Air.local" failures="0" tests="2" name="OAuth.OAuth2" time="4.577" errors="0" timestamp="02 Oct 2019 15:23:34 GMT" skipped="0">
  <testcase classname="OAuth.OAuth2" name="OAuthTestValid" time="1.067"/>
  <testcase classname="OAuth.OAuth2" name="OAuthTestInvalid" time="3.510"/>
</testsuite> <!-- OAuth.OAuth2 -->
