<?xml version="1.0" encoding="UTF-8"?>
<!-- Generated by org.testng.reporters.JUnitReportReporter -->
<testsuite hostname="Madhurs-MacBook-Air.local" failures="0" tests="1" name="OAuth.OAuth2" time="3.118" errors="0" timestamp="02 Oct 2019 14:53:03 GMT" skipped="0">
  <testcase classname="OAuth.OAuth2" name="OAuthTest" time="3.118"/>
</testsuite> <!-- OAuth.OAuth2 -->
